C51 COMPILER V9.59.0.0   BSP_LED                                                           04/03/2019 12:04:22 PAGE 1   


C51 COMPILER V9.59.0.0, COMPILATION OF MODULE BSP_LED
OBJECT MODULE PLACED IN .\Objects\bsp_led.obj
COMPILER INVOKED BY: E:\MDK\C51\BIN\C51.EXE ..\bsp\bsp_led.c OPTIMIZE(8,SPEED) BROWSE INCDIR(..\bsp\key;..\bsp\key;..\li
                    -b;..\TimeOut;..\user;..\bsp;..\TimeOut) DEBUG OBJECTEXTEND PRINT(.\Listings\bsp_led.lst) TABS(7) OBJECT(.\Objects\bsp_le
                    -d.obj)

line level    source

   1          #include "bsp_led.h"
   2          
   3          
   4          
   5          void Led_Init(void)
   6          {
   7   1            P1CON |= 0X80;
   8   1            P1PH    &= ~0X80;
   9   1            P2CON |=0X08;
  10   1            P2PH    &= ~0X08;
  11   1      }
  12          
  13          
  14          
  15          
  16          
  17          


MODULE INFORMATION:   STATIC OVERLAYABLE
   CODE SIZE        =     13    ----
   CONSTANT SIZE    =   ----    ----
   XDATA SIZE       =   ----    ----
   PDATA SIZE       =   ----    ----
   DATA SIZE        =   ----    ----
   IDATA SIZE       =   ----    ----
   BIT SIZE         =   ----    ----
END OF MODULE INFORMATION.


C51 COMPILATION COMPLETE.  0 WARNING(S),  0 ERROR(S)
