C51 COMPILER V9.59.0.0   MAIN                                                              04/03/2019 14:49:58 PAGE 1   


C51 COMPILER V9.59.0.0, COMPILATION OF MODULE MAIN
OBJECT MODULE PLACED IN .\Objects\main.obj
COMPILER INVOKED BY: E:\MDK\C51\BIN\C51.EXE ..\user\main.c OPTIMIZE(8,SPEED) BROWSE INCDIR(..\bsp\key;..\bsp\key;..\lib;
                    -..\TimeOut;..\user;..\bsp;..\TimeOut) DEBUG OBJECTEXTEND PRINT(.\Listings\main.lst) TABS(7) OBJECT(.\Objects\main.obj)

line level    source

   1          #include "system.h"
   2          
   3          
   4          void main(void)
   5          {
   6   1             System_Init();
   7   1             while(1)
   8   1             {
   9   2                    System_Handle();
  10   2             }
  11   1      }
  12          
  13          
  14          
  15          
  16          
  17          
  18          
  19          


MODULE INFORMATION:   STATIC OVERLAYABLE
   CODE SIZE        =      8    ----
   CONSTANT SIZE    =   ----    ----
   XDATA SIZE       =   ----    ----
   PDATA SIZE       =   ----    ----
   DATA SIZE        =   ----    ----
   IDATA SIZE       =   ----    ----
   BIT SIZE         =   ----    ----
END OF MODULE INFORMATION.


C51 COMPILATION COMPLETE.  0 WARNING(S),  0 ERROR(S)
