C51 COMPILER V9.59.0.0   SYSTEM                                                            04/03/2019 14:53:32 PAGE 1   


C51 COMPILER V9.59.0.0, COMPILATION OF MODULE SYSTEM
OBJECT MODULE PLACED IN .\Objects\system.obj
COMPILER INVOKED BY: E:\MDK\C51\BIN\C51.EXE ..\user\system.c OPTIMIZE(8,SPEED) BROWSE INCDIR(..\bsp\key;..\bsp\key;..\li
                    -b;..\TimeOut;..\user;..\bsp;..\TimeOut) DEBUG OBJECTEXTEND PRINT(.\Listings\system.lst) TABS(7) OBJECT(.\Objects\system.
                    -obj)

line level    source

   1          #include "system.h"
   2          
   3          
   4          
   5          
   6          void Key_Function(unsigned char Get_Key)
   7          {
   8   1             if(Get_Key == MSG_KEY_NONE)
   9   1             {
  10   2                    LED_SET(0);
  11   2                    LED1_SET(0);
  12   2             }
  13   1             else if(Get_Key == MSG_KEY1_PRESS)
  14   1             {
  15   2                    LED1_SET(1);
  16   2             }
  17   1             #if 0
                     else if(Get_Key == MSG_KEY1_SHORT_PRESS)
                     {
                            LED_SET(1);
                     }
                     else if(Get_Key == MSG_KEY1_LONGPRESS_HD)
                     {
                            LED1_SET(1);
                     }
                     else if(Get_Key == MSG_KEY1_LONGPRESS_RE)
                     {
                            
                     }
                     #endif
  31   1      }
  32          
  33          
  34          void System_Init(void)
  35          {
  36   1             Led_Init();
  37   1             TimeOutDet_Init();
  38   1             Key_Init();
  39   1             Key_Register(Key_Function);
  40   1             Timer_Init();
  41   1      }
  42          
  43          
  44          void System_Handle(void)
  45          {
  46   1             #if 0
                     LED_SET(1);
                     LED1_SET(1);
                     #else
  50   1             Key_Poll();
  51   1            
  52   1             #endif
  53   1      }
C51 COMPILER V9.59.0.0   SYSTEM                                                            04/03/2019 14:53:32 PAGE 2   

  54          
  55          
  56          
  57          
  58          


MODULE INFORMATION:   STATIC OVERLAYABLE
   CODE SIZE        =     44    ----
   CONSTANT SIZE    =   ----    ----
   XDATA SIZE       =   ----    ----
   PDATA SIZE       =   ----    ----
   DATA SIZE        =   ----    ----
   IDATA SIZE       =   ----    ----
   BIT SIZE         =   ----    ----
END OF MODULE INFORMATION.


C51 COMPILATION COMPLETE.  0 WARNING(S),  0 ERROR(S)
