C51 COMPILER V9.59.0.0   MAIN                                                              04/03/2019 17:01:30 PAGE 1   


C51 COMPILER V9.59.0.0, COMPILATION OF MODULE MAIN
OBJECT MODULE PLACED IN .\Objects\main.obj
COMPILER INVOKED BY: E:\MDK\C51\BIN\C51.EXE ..\user\main.c OPTIMIZE(8,SPEED) BROWSE INCDIR(..\bsp;..\lib;..\TimeOut;..\u
                    -ser) DEBUG OBJECTEXTEND PRINT(.\Listings\main.lst) TABS(7) OBJECT(.\Objects\main.obj)

line level    source

   1          #include "system.h"
   2          
   3          
   4          
   5          void main(void)
   6          {
   7   1             System_Init();
   8   1             while(1)
   9   1             {
  10   2                    System_Handle();
  11   2             }
  12   1      }
  13          
  14          
  15          
  16          


MODULE INFORMATION:   STATIC OVERLAYABLE
   CODE SIZE        =      8    ----
   CONSTANT SIZE    =   ----    ----
   XDATA SIZE       =   ----    ----
   PDATA SIZE       =   ----    ----
   DATA SIZE        =   ----    ----
   IDATA SIZE       =   ----    ----
   BIT SIZE         =   ----    ----
END OF MODULE INFORMATION.


C51 COMPILATION COMPLETE.  0 WARNING(S),  0 ERROR(S)
