C51 COMPILER V9.59.0.0   SYSTEM                                                            04/03/2019 17:03:01 PAGE 1   


C51 COMPILER V9.59.0.0, COMPILATION OF MODULE SYSTEM
OBJECT MODULE PLACED IN .\Objects\system.obj
COMPILER INVOKED BY: E:\MDK\C51\BIN\C51.EXE ..\user\system.c OPTIMIZE(8,SPEED) BROWSE INCDIR(..\bsp;..\lib;..\TimeOut;..
                    -\user) DEBUG OBJECTEXTEND PRINT(.\Listings\system.lst) TABS(7) OBJECT(.\Objects\system.obj)

line level    source

   1          #include "system.h"
   2          
   3          TIMEOUT_PARA TimeOut_Para[2];
   4          
   5          LED_MSG Led_Msg;
   6          
   7          static void(*GetValueCb)(unsigned char);
   8          
   9          LED_MSG Led_Scanf(void)
  10          {
  11   1             if(P21 == 0)
  12   1             {
  13   2                    return LED1_VALUE;
  14   2             }
  15   1             else
  16   1             {
  17   2                    return LED0_VALUE;
  18   2             }
  19   1      }
  20          
  21          
  22          void Led_Function(unsigned char GetValue)
  23          {
  24   1             if(GetValue == LED0_VALUE)
  25   1             {
  26   2                    LED1_SET(0);
  27   2             }
  28   1             else if(GetValue == LED1_VALUE)
  29   1             {
  30   2                    LED1_SET(1);
  31   2             }
  32   1      }
  33          
  34          void Led_Register(void (*Cb)(unsigned char))
  35          {
  36   1             if(Cb)
  37   1             {
  38   2                    GetValueCb = Cb;
  39   2             }
  40   1      }
  41          
  42          void Led_Poll(void)
  43          {
  44   1             Led_Msg = Key_Scanf();
*** WARNING C206 IN LINE 44 OF ..\user\system.c: 'Key_Scanf': missing function-prototype
  45   1             if(GetValueCb)
  46   1             {
  47   2                    GetValueCb(Led_Msg);
  48   2             }
  49   1      }
  50          
  51          void System_Init(void)
  52          {
  53   1              TimeOutDet_Init();
C51 COMPILER V9.59.0.0   SYSTEM                                                            04/03/2019 17:03:01 PAGE 2   

  54   1              Led_Init();
  55   1              P2CON &= ~0X02;
  56   1              P2PH   |= 0X02;
  57   1              Led_Register(Led_Function);
  58   1              Timer_Init();
  59   1      }
  60          
  61          void System_Handle(void)
  62          {
  63   1              static unsigned char Cnts;
  64   1              if(TimeOutDet_Check(&TimeOut_Para[0]))
  65   1              {
  66   2                     TimeOut_Record( &TimeOut_Para[0],4000);
  67   2                     ++ Cnts;
  68   2                     if(Cnts & 0x01)
  69   2                     {
  70   3                           //LED1_SET(1);
  71   3                     }
  72   2                     else
  73   2                     {
  74   3                           //LED1_SET(0);
  75   3                     }
  76   2              }
  77   1             Led_Poll();
  78   1      }
  79          
  80          
  81          


MODULE INFORMATION:   STATIC OVERLAYABLE
   CODE SIZE        =    123    ----
   CONSTANT SIZE    =   ----    ----
   XDATA SIZE       =   ----    ----
   PDATA SIZE       =   ----    ----
   DATA SIZE        =     21    ----
   IDATA SIZE       =   ----    ----
   BIT SIZE         =   ----    ----
END OF MODULE INFORMATION.


C51 COMPILATION COMPLETE.  1 WARNING(S),  0 ERROR(S)
